0 info it worked if it ends with ok
1 verbose cli [ 'c:\\Program Files\\nodejs\\node.exe',
1 verbose cli   'c:\\Program Files\\nodejs\\node_modules\\npm\\bin\\npm-cli.js',
1 verbose cli   'ls' ]
2 info using npm@1.4.9
3 info using node@v0.10.28
4 error extraneous: cookie-cutter@0.1.1 c:\Dev\scratch\node_modules\cookie-cutter
4 error extraneous: ejs@1.0.0 c:\Dev\scratch\node_modules\ejs
4 error extraneous: proxy-middleware@0.5.0 c:\Dev\scratch\node_modules\proxy-middleware
4 error extraneous: jquery@2.1.1 c:\Dev\scratch\node_modules\jquery
4 error extraneous: body-parser@1.4.3 c:\Dev\scratch\node_modules\body-parser
4 error extraneous: cheerio@0.17.0 c:\Dev\scratch\node_modules\cheerio
4 error extraneous: express@4.4.5 c:\Dev\scratch\node_modules\express
4 error extraneous: jasmine-node@2.0.0 c:\Dev\scratch\node_modules\jasmine-node
4 error extraneous: connect@2.21.1 c:\Dev\scratch\node_modules\connect
4 error extraneous: progress@1.1.6 c:\Dev\scratch\node_modules\karma-phantomjs-launcher\node_modules\phantomjs\node_modules\progress
4 error extraneous: request-progress@0.3.1 c:\Dev\scratch\node_modules\karma-phantomjs-launcher\node_modules\phantomjs\node_modules\request-progress
4 error extraneous: watchify@0.10.2 c:\Dev\scratch\node_modules\watchify
5 verbose exit [ 1, true ]
6 error Error: write EPIPE
6 error     at errnoException (net.js:904:11)
6 error     at Object.afterWrite (net.js:720:19)
7 error If you need help, you may report this *entire* log,
7 error including the npm and node versions, at:
7 error     <http://github.com/npm/npm/issues>
8 error System Windows_NT 6.1.7601
9 error command "c:\\Program Files\\nodejs\\node.exe" "c:\\Program Files\\nodejs\\node_modules\\npm\\bin\\npm-cli.js" "ls"
10 error cwd c:\Dev\scratch
11 error node -v v0.10.28
12 error npm -v 1.4.9
13 error syscall write
14 error code EPIPE
15 error errno EPIPE
16 verbose exit [ 1, true ]
